<?xml version="1.0" encoding="UTF-8"?>
<!-- Generated by org.testng.reporters.JUnitXMLReporter -->
<testsuite ignored="1" hostname="DESKTOP-JPO59LL" failures="1" tests="15" name="testngTest" time="52.061" errors="0" timestamp="2021-05-20T21:25:18 IST">
  <testcase classname="testNGTests.Activity5" name="pageTitleTest" time="0.02"/>
  <testcase classname="testNGTests.Activity5" name="ButtonTest1" time="0.129"/>
  <testcase classname="testNGTests.Activity5" name="ButtonTest2" time="0.029"/>
  <testcase classname="testNGTests.Activity5" name="HeaderTest1" time="0.039"/>
  <testcase classname="testNGTests.Activity5" name="HeaderTest2" time="0.025"/>
  <testcase classname="testNGTests.Activity9" name="simpleAlertTestCase" time="1.19"/>
  <testcase classname="testNGTests.Activity9" name="confirmAlertTestCase" time="0.102"/>
  <testcase classname="testNGTests.Activity9" name="promptAlertTestCase" time="0.655"/>
  <testcase classname="testNGTests.Activity6" name="loginTestCase" time="1.486"/>
  <testcase classname="testNGTests.Activity1" name="getPageTitle" time="3.484"/>
  <testcase classname="testNGTests.Activity7" name="loginTestCase" time="0.812"/>
  <testcase classname="testNGTests.Activity3" name="LoginTest" time="0.576"/>
  <testcase classname="testNGTests.Activity2" name="test1" time="0.009"/>
  <testcase classname="testNGTests.Activity2" name="test2" time="0.196">
    <failure type="java.lang.AssertionError" message="expected [black] but found [Black]">
      <![CDATA[java.lang.AssertionError: expected [black] but found [Black]
at testNGTests.Activity2.test2(Activity2.java:35)
at java.base/java.util.concurrent.ThreadPoolExecutor.runWorker(ThreadPoolExecutor.java:1128)
at java.base/java.util.concurrent.ThreadPoolExecutor$Worker.run(ThreadPoolExecutor.java:628)
at java.base/java.lang.Thread.run(Thread.java:834)
... Removed 18 stack frames]]>
    </failure>
  </testcase> <!-- test2 -->
  <testcase classname="testNGTests.Activity2" name="test4" time="0.003">
    <skipped/>
  </testcase> <!-- test4 -->
  <testcase classname="testNGTests.Activity2" name="test3" time="0.0">
    <ignored/>
  </testcase> <!-- test3 -->
</testsuite> <!-- testngTest -->
