<?xml version="1.0" encoding="UTF-8"?>
<!-- Generated by org.testng.reporters.JUnitXMLReporter -->
<testsuite ignored="1" hostname="DESKTOP-JPO59LL" failures="1" tests="4" name="testngTest" time="19.041" errors="0" timestamp="2021-05-19T20:01:22 IST">
  <testcase classname="testNGTests.Activity1" name="getPageTitle" time="0.599"/>
  <testcase classname="testNGTests.Activity2" name="test1" time="0.0"/>
  <testcase classname="testNGTests.Activity2" name="test2" time="0.2">
    <failure type="java.lang.AssertionError" message="expected [black] but found [Black]">
      <![CDATA[java.lang.AssertionError: expected [black] but found [Black]
at testNGTests.Activity2.test2(Activity2.java:35)
at java.base/java.util.ArrayList.forEach(ArrayList.java:1540)
... Removed 33 stack frames]]>
    </failure>
  </testcase> <!-- test2 -->
  <testcase classname="testNGTests.Activity2" name="test4" time="0.0">
    <skipped/>
  </testcase> <!-- test4 -->
  <testcase classname="testNGTests.Activity2" name="test3" time="0.0">
    <ignored/>
  </testcase> <!-- test3 -->
</testsuite> <!-- testngTest -->
