<?xml version="1.0" encoding="UTF-8"?>
<testng-results ignored="1" total="16" passed="13" failed="1" skipped="1">
  <reporter-output>
    <line>
      <![CDATA[Starting Test |]]>
    </line>
    <line>
      <![CDATA[Opened Browser |]]>
    </line>
    <line>
      <![CDATA[Page title is Javascript Alerts |]]>
    </line>
    <line>
      <![CDATA[Test Case Setup started |]]>
    </line>
    <line>
      <![CDATA[simpleAlertTestCase() started |]]>
    </line>
    <line>
      <![CDATA[Simple Alert opened |]]>
    </line>
    <line>
      <![CDATA[Switched foucs to alert |]]>
    </line>
    <line>
      <![CDATA[Alert text is: This is a JavaScript Alert! |]]>
    </line>
    <line>
      <![CDATA[Alert closed]]>
    </line>
    <line>
      <![CDATA[Test case ended |]]>
    </line>
    <line>
      <![CDATA[Test Case Setup started |]]>
    </line>
    <line>
      <![CDATA[confirmAlertTestCase() started |]]>
    </line>
    <line>
      <![CDATA[Confirm Alert opened |]]>
    </line>
    <line>
      <![CDATA[Switched foucs to alert |]]>
    </line>
    <line>
      <![CDATA[Alert text is: This is a JavaScript Confirmation! |]]>
    </line>
    <line>
      <![CDATA[Alert closed |]]>
    </line>
    <line>
      <![CDATA[Test case ended |]]>
    </line>
    <line>
      <![CDATA[Test Case Setup started |]]>
    </line>
    <line>
      <![CDATA[promptAlertTestCase() started |]]>
    </line>
    <line>
      <![CDATA[Prompt Alert opened |]]>
    </line>
    <line>
      <![CDATA[Switched foucs to alert |]]>
    </line>
    <line>
      <![CDATA[Alert text is: This is a JavaScript Prompt! |]]>
    </line>
    <line>
      <![CDATA[Text entered in prompt alert |]]>
    </line>
    <line>
      <![CDATA[Alert closed |]]>
    </line>
    <line>
      <![CDATA[Test case ended |]]>
    </line>
    <line>
      <![CDATA[Ending Test |]]>
    </line>
  </reporter-output>
  <suite started-at="2021-05-20T21:24:25 IST" name="Suite" finished-at="2021-05-20T21:25:17 IST" duration-ms="52061">
    <groups>
      <group name="ButtonTests">
        <method signature="Activity5.pageTitleTest()[pri:0, instance:testNGTests.Activity5@28f2a10f]" name="pageTitleTest" class="testNGTests.Activity5"/>
        <method signature="Activity5.ButtonTest1()[pri:0, instance:testNGTests.Activity5@28f2a10f]" name="ButtonTest1" class="testNGTests.Activity5"/>
        <method signature="Activity5.ButtonTest2()[pri:0, instance:testNGTests.Activity5@28f2a10f]" name="ButtonTest2" class="testNGTests.Activity5"/>
      </group> <!-- ButtonTests -->
      <group name="HeaderTests">
        <method signature="Activity5.pageTitleTest()[pri:0, instance:testNGTests.Activity5@28f2a10f]" name="pageTitleTest" class="testNGTests.Activity5"/>
        <method signature="Activity5.HeaderTest1()[pri:0, instance:testNGTests.Activity5@28f2a10f]" name="HeaderTest1" class="testNGTests.Activity5"/>
        <method signature="Activity5.HeaderTest2()[pri:0, instance:testNGTests.Activity5@28f2a10f]" name="HeaderTest2" class="testNGTests.Activity5"/>
      </group> <!-- HeaderTests -->
    </groups>
    <test started-at="2021-05-20T21:24:25 IST" name="testngTest" finished-at="2021-05-20T21:25:17 IST" duration-ms="52061">
      <class name="testNGTests.Activity7">
        <test-method is-config="true" signature="beforeClass()[pri:0, instance:testNGTests.Activity7@6da21078]" started-at="2021-05-20T21:24:34 IST" name="beforeClass" finished-at="2021-05-20T21:25:02 IST" duration-ms="28032" status="PASS">
          <reporter-output>
          </reporter-output>
        </test-method> <!-- beforeClass -->
        <test-method signature="loginTestCase(java.lang.String,java.lang.String)[pri:0, instance:testNGTests.Activity7@6da21078]" started-at="2021-05-20T21:25:02 IST" name="loginTestCase" data-provider="Authentication" finished-at="2021-05-20T21:25:02 IST" duration-ms="812" status="PASS">
          <params>
            <param index="0">
              <value>
                <![CDATA[admin]]>
              </value>
            </param>
            <param index="1">
              <value>
                <![CDATA[password]]>
              </value>
            </param>
          </params>
          <reporter-output>
          </reporter-output>
        </test-method> <!-- loginTestCase -->
        <test-method is-config="true" signature="afterClass()[pri:0, instance:testNGTests.Activity7@6da21078]" started-at="2021-05-20T21:25:02 IST" name="afterClass" finished-at="2021-05-20T21:25:06 IST" duration-ms="3853" status="PASS">
          <reporter-output>
          </reporter-output>
        </test-method> <!-- afterClass -->
      </class> <!-- testNGTests.Activity7 -->
      <class name="testNGTests.Activity9">
        <test-method is-config="true" signature="setUp()[pri:0, instance:testNGTests.Activity9@7fee8714]" started-at="2021-05-20T21:24:34 IST" name="setUp" finished-at="2021-05-20T21:24:54 IST" duration-ms="20350" status="PASS">
          <reporter-output>
            <line>
              <![CDATA[Starting Test |]]>
            </line>
            <line>
              <![CDATA[Opened Browser |]]>
            </line>
            <line>
              <![CDATA[Page title is Javascript Alerts |]]>
            </line>
          </reporter-output>
        </test-method> <!-- setUp -->
        <test-method is-config="true" signature="beforeMethod()[pri:0, instance:testNGTests.Activity9@7fee8714]" started-at="2021-05-20T21:24:54 IST" name="beforeMethod" finished-at="2021-05-20T21:24:54 IST" duration-ms="134" status="PASS">
          <reporter-output>
            <line>
              <![CDATA[Test Case Setup started |]]>
            </line>
          </reporter-output>
        </test-method> <!-- beforeMethod -->
        <test-method signature="simpleAlertTestCase()[pri:0, instance:testNGTests.Activity9@7fee8714]" started-at="2021-05-20T21:24:54 IST" name="simpleAlertTestCase" finished-at="2021-05-20T21:24:56 IST" duration-ms="1190" status="PASS">
          <reporter-output>
            <line>
              <![CDATA[simpleAlertTestCase() started |]]>
            </line>
            <line>
              <![CDATA[Simple Alert opened |]]>
            </line>
            <line>
              <![CDATA[Switched foucs to alert |]]>
            </line>
            <line>
              <![CDATA[Alert text is: This is a JavaScript Alert! |]]>
            </line>
            <line>
              <![CDATA[Alert closed]]>
            </line>
            <line>
              <![CDATA[Test case ended |]]>
            </line>
          </reporter-output>
        </test-method> <!-- simpleAlertTestCase -->
        <test-method is-config="true" signature="beforeMethod()[pri:0, instance:testNGTests.Activity9@7fee8714]" started-at="2021-05-20T21:24:56 IST" name="beforeMethod" finished-at="2021-05-20T21:24:56 IST" duration-ms="136" status="PASS">
          <reporter-output>
            <line>
              <![CDATA[Test Case Setup started |]]>
            </line>
          </reporter-output>
        </test-method> <!-- beforeMethod -->
        <test-method signature="confirmAlertTestCase()[pri:1, instance:testNGTests.Activity9@7fee8714]" started-at="2021-05-20T21:24:56 IST" name="confirmAlertTestCase" finished-at="2021-05-20T21:24:56 IST" duration-ms="102" status="PASS">
          <reporter-output>
            <line>
              <![CDATA[confirmAlertTestCase() started |]]>
            </line>
            <line>
              <![CDATA[Confirm Alert opened |]]>
            </line>
            <line>
              <![CDATA[Switched foucs to alert |]]>
            </line>
            <line>
              <![CDATA[Alert text is: This is a JavaScript Confirmation! |]]>
            </line>
            <line>
              <![CDATA[Alert closed |]]>
            </line>
            <line>
              <![CDATA[Test case ended |]]>
            </line>
          </reporter-output>
        </test-method> <!-- confirmAlertTestCase -->
        <test-method is-config="true" signature="beforeMethod()[pri:0, instance:testNGTests.Activity9@7fee8714]" started-at="2021-05-20T21:24:56 IST" name="beforeMethod" finished-at="2021-05-20T21:24:56 IST" duration-ms="131" status="PASS">
          <reporter-output>
            <line>
              <![CDATA[Test Case Setup started |]]>
            </line>
          </reporter-output>
        </test-method> <!-- beforeMethod -->
        <test-method signature="promptAlertTestCase()[pri:2, instance:testNGTests.Activity9@7fee8714]" started-at="2021-05-20T21:24:56 IST" name="promptAlertTestCase" finished-at="2021-05-20T21:24:57 IST" duration-ms="655" status="PASS">
          <reporter-output>
            <line>
              <![CDATA[promptAlertTestCase() started |]]>
            </line>
            <line>
              <![CDATA[Prompt Alert opened |]]>
            </line>
            <line>
              <![CDATA[Switched foucs to alert |]]>
            </line>
            <line>
              <![CDATA[Alert text is: This is a JavaScript Prompt! |]]>
            </line>
            <line>
              <![CDATA[Text entered in prompt alert |]]>
            </line>
            <line>
              <![CDATA[Alert closed |]]>
            </line>
            <line>
              <![CDATA[Test case ended |]]>
            </line>
          </reporter-output>
        </test-method> <!-- promptAlertTestCase -->
        <test-method is-config="true" signature="tearDown()[pri:0, instance:testNGTests.Activity9@7fee8714]" started-at="2021-05-20T21:24:57 IST" name="tearDown" finished-at="2021-05-20T21:25:08 IST" duration-ms="11230" status="PASS">
          <reporter-output>
            <line>
              <![CDATA[Ending Test |]]>
            </line>
          </reporter-output>
        </test-method> <!-- tearDown -->
      </class> <!-- testNGTests.Activity9 -->
      <class name="testNGTests.Activity1">
        <test-method is-config="true" signature="beforeMethod()[pri:0, instance:testNGTests.Activity1@48974e45]" started-at="2021-05-20T21:24:34 IST" name="beforeMethod" finished-at="2021-05-20T21:24:55 IST" duration-ms="21624" status="PASS">
          <reporter-output>
          </reporter-output>
        </test-method> <!-- beforeMethod -->
        <test-method signature="getPageTitle()[pri:0, instance:testNGTests.Activity1@48974e45]" started-at="2021-05-20T21:24:55 IST" name="getPageTitle" finished-at="2021-05-20T21:24:59 IST" duration-ms="3484" status="PASS">
          <reporter-output>
          </reporter-output>
        </test-method> <!-- getPageTitle -->
        <test-method is-config="true" signature="afterMethod()[pri:0, instance:testNGTests.Activity1@48974e45]" started-at="2021-05-20T21:24:59 IST" name="afterMethod" finished-at="2021-05-20T21:25:07 IST" duration-ms="8178" status="PASS">
          <reporter-output>
          </reporter-output>
        </test-method> <!-- afterMethod -->
      </class> <!-- testNGTests.Activity1 -->
      <class name="testNGTests.Activity2">
        <test-method is-config="true" signature="beforeMethod()[pri:0, instance:testNGTests.Activity2@32ee6fee]" started-at="2021-05-20T21:25:06 IST" name="beforeMethod" finished-at="2021-05-20T21:25:14 IST" duration-ms="8047" status="PASS">
          <reporter-output>
          </reporter-output>
        </test-method> <!-- beforeMethod -->
        <test-method signature="test1()[pri:0, instance:testNGTests.Activity2@32ee6fee]" started-at="2021-05-20T21:25:14 IST" name="test1" finished-at="2021-05-20T21:25:14 IST" duration-ms="9" status="PASS">
          <reporter-output>
          </reporter-output>
        </test-method> <!-- test1 -->
        <test-method signature="test2()[pri:2, instance:testNGTests.Activity2@32ee6fee]" started-at="2021-05-20T21:25:14 IST" name="test2" finished-at="2021-05-20T21:25:14 IST" duration-ms="196" status="FAIL">
          <exception class="java.lang.AssertionError">
            <message>
              <![CDATA[expected [black] but found [Black]]]>
            </message>
            <full-stacktrace>
              <![CDATA[java.lang.AssertionError: expected [black] but found [Black]
at org.testng.Assert.fail(Assert.java:99)
at org.testng.Assert.failNotEquals(Assert.java:1037)
at org.testng.Assert.assertEqualsImpl(Assert.java:140)
at org.testng.Assert.assertEquals(Assert.java:122)
at org.testng.Assert.assertEquals(Assert.java:629)
at org.testng.Assert.assertEquals(Assert.java:639)
at testNGTests.Activity2.test2(Activity2.java:35)
at java.base/jdk.internal.reflect.NativeMethodAccessorImpl.invoke0(Native Method)
at java.base/jdk.internal.reflect.NativeMethodAccessorImpl.invoke(NativeMethodAccessorImpl.java:62)
at java.base/jdk.internal.reflect.DelegatingMethodAccessorImpl.invoke(DelegatingMethodAccessorImpl.java:43)
at java.base/java.lang.reflect.Method.invoke(Method.java:566)
at org.testng.internal.MethodInvocationHelper.invokeMethod(MethodInvocationHelper.java:133)
at org.testng.internal.TestInvoker.invokeMethod(TestInvoker.java:598)
at org.testng.internal.TestInvoker.invokeTestMethod(TestInvoker.java:173)
at org.testng.internal.MethodRunner.runInSequence(MethodRunner.java:46)
at org.testng.internal.TestInvoker$MethodInvocationAgent.invoke(TestInvoker.java:824)
at org.testng.internal.TestInvoker.invokeTestMethods(TestInvoker.java:146)
at org.testng.internal.TestMethodWorker.invokeTestMethods(TestMethodWorker.java:146)
at org.testng.internal.TestMethodWorker.run(TestMethodWorker.java:128)
at java.base/java.util.concurrent.ThreadPoolExecutor.runWorker(ThreadPoolExecutor.java:1128)
at java.base/java.util.concurrent.ThreadPoolExecutor$Worker.run(ThreadPoolExecutor.java:628)
at java.base/java.lang.Thread.run(Thread.java:834)
]]>
            </full-stacktrace>
          </exception> <!-- java.lang.AssertionError -->
          <reporter-output>
          </reporter-output>
        </test-method> <!-- test2 -->
        <test-method signature="test4()[pri:3, instance:testNGTests.Activity2@32ee6fee]" started-at="2021-05-20T21:25:14 IST" name="test4" finished-at="2021-05-20T21:25:14 IST" duration-ms="3" status="SKIP">
          <exception class="org.testng.SkipException">
            <message>
              <![CDATA[Skipping test case]]>
            </message>
            <full-stacktrace>
              <![CDATA[org.testng.SkipException: Skipping test case
at testNGTests.Activity2.test4(Activity2.java:48)
at java.base/jdk.internal.reflect.NativeMethodAccessorImpl.invoke0(Native Method)
at java.base/jdk.internal.reflect.NativeMethodAccessorImpl.invoke(NativeMethodAccessorImpl.java:62)
at java.base/jdk.internal.reflect.DelegatingMethodAccessorImpl.invoke(DelegatingMethodAccessorImpl.java:43)
at java.base/java.lang.reflect.Method.invoke(Method.java:566)
at org.testng.internal.MethodInvocationHelper.invokeMethod(MethodInvocationHelper.java:133)
at org.testng.internal.TestInvoker.invokeMethod(TestInvoker.java:598)
at org.testng.internal.TestInvoker.invokeTestMethod(TestInvoker.java:173)
at org.testng.internal.MethodRunner.runInSequence(MethodRunner.java:46)
at org.testng.internal.TestInvoker$MethodInvocationAgent.invoke(TestInvoker.java:824)
at org.testng.internal.TestInvoker.invokeTestMethods(TestInvoker.java:146)
at org.testng.internal.TestMethodWorker.invokeTestMethods(TestMethodWorker.java:146)
at org.testng.internal.TestMethodWorker.run(TestMethodWorker.java:128)
at java.base/java.util.concurrent.ThreadPoolExecutor.runWorker(ThreadPoolExecutor.java:1128)
at java.base/java.util.concurrent.ThreadPoolExecutor$Worker.run(ThreadPoolExecutor.java:628)
at java.base/java.lang.Thread.run(Thread.java:834)
]]>
            </full-stacktrace>
          </exception> <!-- org.testng.SkipException -->
          <reporter-output>
          </reporter-output>
        </test-method> <!-- test4 -->
        <test-method is-config="true" signature="afterMethod()[pri:0, instance:testNGTests.Activity2@32ee6fee]" started-at="2021-05-20T21:25:14 IST" name="afterMethod" finished-at="2021-05-20T21:25:16 IST" duration-ms="1487" status="PASS">
          <reporter-output>
          </reporter-output>
        </test-method> <!-- afterMethod -->
      </class> <!-- testNGTests.Activity2 -->
      <class name="testNGTests.Activity3">
        <test-method is-config="true" signature="beforeClass()[pri:0, instance:testNGTests.Activity3@4d0f2471]" started-at="2021-05-20T21:24:34 IST" name="beforeClass" finished-at="2021-05-20T21:25:04 IST" duration-ms="30692" status="PASS">
          <reporter-output>
          </reporter-output>
        </test-method> <!-- beforeClass -->
        <test-method signature="LoginTest()[pri:0, instance:testNGTests.Activity3@4d0f2471]" started-at="2021-05-20T21:25:04 IST" name="LoginTest" finished-at="2021-05-20T21:25:05 IST" duration-ms="576" status="PASS">
          <reporter-output>
          </reporter-output>
        </test-method> <!-- LoginTest -->
        <test-method is-config="true" signature="afterClass()[pri:0, instance:testNGTests.Activity3@4d0f2471]" started-at="2021-05-20T21:25:05 IST" name="afterClass" finished-at="2021-05-20T21:25:07 IST" duration-ms="1960" status="PASS">
          <reporter-output>
          </reporter-output>
        </test-method> <!-- afterClass -->
      </class> <!-- testNGTests.Activity3 -->
      <class name="testNGTests.Activity5">
        <test-method is-config="true" signature="beforeMethod()[pri:0, instance:testNGTests.Activity5@28f2a10f]" started-at="2021-05-20T21:24:25 IST" name="beforeMethod" finished-at="2021-05-20T21:24:33 IST" duration-ms="8056" status="PASS">
          <reporter-output>
          </reporter-output>
        </test-method> <!-- beforeMethod -->
        <test-method signature="pageTitleTest()[pri:0, instance:testNGTests.Activity5@28f2a10f]" started-at="2021-05-20T21:24:34 IST" name="pageTitleTest" finished-at="2021-05-20T21:24:34 IST" duration-ms="20" status="PASS">
          <reporter-output>
          </reporter-output>
        </test-method> <!-- pageTitleTest -->
        <test-method signature="ButtonTest1()[pri:0, instance:testNGTests.Activity5@28f2a10f]" started-at="2021-05-20T21:24:34 IST" name="ButtonTest1" finished-at="2021-05-20T21:24:34 IST" depends-on-methods="testNGTests.Activity5.pageTitleTest" duration-ms="129" status="PASS">
          <reporter-output>
          </reporter-output>
        </test-method> <!-- ButtonTest1 -->
        <test-method signature="ButtonTest2()[pri:0, instance:testNGTests.Activity5@28f2a10f]" started-at="2021-05-20T21:24:34 IST" name="ButtonTest2" finished-at="2021-05-20T21:24:34 IST" depends-on-methods="testNGTests.Activity5.pageTitleTest" duration-ms="29" status="PASS">
          <reporter-output>
          </reporter-output>
        </test-method> <!-- ButtonTest2 -->
        <test-method signature="HeaderTest1()[pri:0, instance:testNGTests.Activity5@28f2a10f]" started-at="2021-05-20T21:24:34 IST" name="HeaderTest1" finished-at="2021-05-20T21:24:34 IST" depends-on-methods="testNGTests.Activity5.pageTitleTest" duration-ms="39" status="PASS">
          <reporter-output>
          </reporter-output>
        </test-method> <!-- HeaderTest1 -->
        <test-method signature="HeaderTest2()[pri:0, instance:testNGTests.Activity5@28f2a10f]" started-at="2021-05-20T21:24:34 IST" name="HeaderTest2" finished-at="2021-05-20T21:24:34 IST" depends-on-methods="testNGTests.Activity5.pageTitleTest" duration-ms="25" status="PASS">
          <reporter-output>
          </reporter-output>
        </test-method> <!-- HeaderTest2 -->
        <test-method is-config="true" signature="afterMethod()[pri:0, instance:testNGTests.Activity5@28f2a10f]" started-at="2021-05-20T21:25:16 IST" name="afterMethod" finished-at="2021-05-20T21:25:17 IST" duration-ms="1494" status="PASS">
          <reporter-output>
          </reporter-output>
        </test-method> <!-- afterMethod -->
      </class> <!-- testNGTests.Activity5 -->
      <class name="testNGTests.Activity6">
        <test-method is-config="true" signature="beforeClass()[pri:0, instance:testNGTests.Activity6@f736069]" started-at="2021-05-20T21:24:34 IST" name="beforeClass" finished-at="2021-05-20T21:24:57 IST" duration-ms="23355" status="PASS">
          <reporter-output>
          </reporter-output>
        </test-method> <!-- beforeClass -->
        <test-method signature="loginTestCase(java.lang.String,java.lang.String)[pri:0, instance:testNGTests.Activity6@f736069]" started-at="2021-05-20T21:24:57 IST" name="loginTestCase" finished-at="2021-05-20T21:24:58 IST" duration-ms="1486" status="PASS">
          <params>
            <param index="0">
              <value>
                <![CDATA[admin]]>
              </value>
            </param>
            <param index="1">
              <value>
                <![CDATA[password]]>
              </value>
            </param>
          </params>
          <reporter-output>
          </reporter-output>
        </test-method> <!-- loginTestCase -->
        <test-method is-config="true" signature="afterClass()[pri:0, instance:testNGTests.Activity6@f736069]" started-at="2021-05-20T21:24:58 IST" name="afterClass" finished-at="2021-05-20T21:25:07 IST" duration-ms="9122" status="PASS">
          <reporter-output>
          </reporter-output>
        </test-method> <!-- afterClass -->
      </class> <!-- testNGTests.Activity6 -->
    </test> <!-- testngTest -->
  </suite> <!-- Suite -->
</testng-results>
